#
# There is insufficient memory for the Java Runtime Environment to continue.
# Native memory allocation (malloc) failed to allocate 1048576 bytes for AllocateHeap
# Possible reasons:
#   The system is out of physical RAM or swap space
#   In 32 bit mode, the process size limit was hit
# Possible solutions:
#   Reduce memory load on the system
#   Increase physical memory or swap space
#   Check if swap backing store is full
#   Use 64 bit Java on a 64 bit OS
#   Decrease Java heap size (-Xmx/-Xms)
#   Decrease number of Java threads
#   Decrease Java thread stack sizes (-Xss)
#   Set larger code cache with -XX:ReservedCodeCacheSize=
# This output file may be truncated or incomplete.
#
#  Out of Memory Error (memory/allocation.inline.hpp:61), pid=9384, tid=10312
#
# JRE version:  (8.0_60-b27) (build )
# Java VM: Java HotSpot(TM) 64-Bit Server VM (25.60-b23 mixed mode windows-amd64 compressed oops)
# Failed to write core dump. Minidumps are not enabled by default on client versions of Windows
#

---------------  T H R E A D  ---------------

Current thread (0x000000000202d800):  JavaThread "Unknown thread" [_thread_in_vm, id=10312, stack(0x0000000002030000,0x0000000002130000)]

Stack: [0x0000000002030000,0x0000000002130000]
[error occurred during error reporting (printing stack bounds), id 0xc0000005]

Native frames: (J=compiled Java code, j=interpreted, Vv=VM code, C=native code)


---------------  P R O C E S S  ---------------

Java Threads: ( => current thread )

Other Threads:

=>0x000000000202d800 (exited) JavaThread "Unknown thread" [_thread_in_vm, id=10312, stack(0x0000000002030000,0x0000000002130000)]

VM state:not at safepoint (normal execution)

VM Mutex/Monitor currently owned by a thread: None

Heap:
 PSYoungGen      total 57344K, used 983K [0x00000000eab00000, 0x00000000eeb00000, 0x0000000100000000)
  eden space 49152K, 2% used [0x00000000eab00000,0x00000000eabf5c38,0x00000000edb00000)
  from space 8192K, 0% used [0x00000000ee300000,0x00000000ee300000,0x00000000eeb00000)
  to   space 8192K, 0% used [0x00000000edb00000,0x00000000edb00000,0x00000000ee300000)
 ParOldGen       total 131072K, used 0K [0x00000000c0000000, 0x00000000c8000000, 0x00000000eab00000)
  object space 131072K, 0% used [0x00000000c0000000,0x00000000c0000000,0x00000000c8000000)
 Metaspace       used 767K, capacity 4480K, committed 4480K, reserved 1056768K
  class space    used 75K, capacity 384K, committed 384K, reserved 1048576K

Card table byte_map: [0x00000000116f0000,0x0000000011900000] byte_map_base: 0x00000000110f0000

Marking Bits: (ParMarkBitMap*) 0x000000005b90a5b0
 Begin Bits: [0x0000000011e60000, 0x0000000012e60000)
 End Bits:   [0x0000000012e60000, 0x0000000013e60000)

Polling page: 0x0000000001f30000

CodeCache: size=245760Kb used=328Kb max_used=328Kb free=245431Kb
 bounds [0x0000000002330000, 0x00000000025a0000, 0x0000000011330000]
 total_blobs=57 nmethods=0 adapters=37
 compilation: enabled

Compilation events (0 events):
No events

GC Heap History (0 events):
No events

Deoptimization events (0 events):
No events

Internal exceptions (0 events):
No events

Events (10 events):
Event: 0.026 loading class java/lang/Short
Event: 0.026 loading class java/lang/Short done
Event: 0.026 loading class java/lang/Integer
Event: 0.026 loading class java/lang/Integer done
Event: 0.026 loading class java/lang/Long
Event: 0.026 loading class java/lang/Long done
Event: 0.027 loading class java/lang/NullPointerException
Event: 0.027 loading class java/lang/NullPointerException done
Event: 0.027 loading class java/lang/ArithmeticException
Event: 0.027 loading class java/lang/ArithmeticException done


Dynamic libraries:
0x00007ff6f4f00000 - 0x00007ff6f4f37000 	C:\Program Files\Java\jdk1.8.0_60\bin\java.exe
0x00007ffe44ac0000 - 0x00007ffe44c82000 	C:\WINDOWS\SYSTEM32\ntdll.dll
0x00007ffe42bf0000 - 0x00007ffe42c9d000 	C:\WINDOWS\system32\KERNEL32.DLL
0x00007ffe41fb0000 - 0x00007ffe4218d000 	C:\WINDOWS\system32\KERNELBASE.dll
0x00007ffe42190000 - 0x00007ffe42236000 	C:\WINDOWS\system32\ADVAPI32.dll
0x00007ffe44660000 - 0x00007ffe446fd000 	C:\WINDOWS\system32\msvcrt.dll
0x00007ffe424d0000 - 0x00007ffe4252b000 	C:\WINDOWS\system32\sechost.dll
0x00007ffe44820000 - 0x00007ffe44946000 	C:\WINDOWS\system32\RPCRT4.dll
0x00007ffe42890000 - 0x00007ffe429de000 	C:\WINDOWS\system32\USER32.dll
0x00007ffe42700000 - 0x00007ffe42886000 	C:\WINDOWS\system32\GDI32.dll
0x00007ffe35a70000 - 0x00007ffe35ce4000 	C:\WINDOWS\WinSxS\amd64_microsoft.windows.common-controls_6595b64144ccf1df_6.0.10240.16384_none_f41f7b285750ef43\COMCTL32.dll
0x00007ffe42bb0000 - 0x00007ffe42be6000 	C:\WINDOWS\system32\IMM32.DLL
0x00007ffe42590000 - 0x00007ffe426ec000 	C:\WINDOWS\system32\MSCTF.dll
0x000000005aba0000 - 0x000000005ac72000 	C:\Program Files\Java\jdk1.8.0_60\jre\bin\msvcr100.dll
0x000000005b100000 - 0x000000005b989000 	C:\Program Files\Java\jdk1.8.0_60\jre\bin\server\jvm.dll
0x00007ffe42450000 - 0x00007ffe42458000 	C:\WINDOWS\system32\PSAPI.DLL
0x00007ffe3fc10000 - 0x00007ffe3fc19000 	C:\WINDOWS\SYSTEM32\WSOCK32.dll
0x00007ffe3fb00000 - 0x00007ffe3fb23000 	C:\WINDOWS\SYSTEM32\WINMM.dll
0x00007ffe3d750000 - 0x00007ffe3d75a000 	C:\WINDOWS\SYSTEM32\VERSION.dll
0x00007ffe3f9b0000 - 0x00007ffe3f9dc000 	C:\WINDOWS\SYSTEM32\WINMMBASE.dll
0x00007ffe41df0000 - 0x00007ffe41e34000 	C:\WINDOWS\system32\cfgmgr32.dll
0x00007ffe3fe60000 - 0x00007ffe3fe87000 	C:\WINDOWS\SYSTEM32\DEVOBJ.dll
0x00007ffe442b0000 - 0x00007ffe44319000 	C:\WINDOWS\system32\WS2_32.dll
0x00007ffe44810000 - 0x00007ffe44818000 	C:\WINDOWS\system32\NSI.dll
0x000000005b010000 - 0x000000005b01f000 	C:\Program Files\Java\jdk1.8.0_60\jre\bin\verify.dll
0x000000005afe0000 - 0x000000005b009000 	C:\Program Files\Java\jdk1.8.0_60\jre\bin\java.dll
0x000000005afc0000 - 0x000000005afd6000 	C:\Program Files\Java\jdk1.8.0_60\jre\bin\zip.dll

VM Arguments:
jvm_args: -Djava.awt.headless=true -Xmx1024M -Dfile.encoding=windows-1252 -Duser.country=GB -Duser.language=en -Duser.variant 
java_command: com.android.dx.command.Main --dex --num-threads=4 --output C:\Users\Michal\OneDrive\AndroidStudio\RentMate\app\build\intermediates\pre-dexed\debug\com.android.support-cardview-v7-23.2.0_99cdcc843c4162a92245fbc8d7be45b5f9658912.jar C:\Users\Michal\OneDrive\AndroidStudio\RentMate\app\build\intermediates\exploded-aar\com.android.support\cardview-v7\23.2.0\jars\classes.jar
java_class_path (initial): E:\Softw\Android\sdk\build-tools\23.0.2\lib\dx.jar
Launcher Type: SUN_STANDARD

Environment Variables:
JAVA_HOME=C:\Program Files (x86)\Java\jre1.8.0_66
PATH=C:\ProgramData\Oracle\Java\javapath;C:\Program Files (x86)\Intel\iCLS Client\;C:\Program Files\Intel\iCLS Client\;C:\WINDOWS\system32;C:\WINDOWS;C:\WINDOWS\System32\Wbem;C:\WINDOWS\System32\WindowsPowerShell\v1.0\;C:\Program Files\Intel\Intel(R) Management Engine Components\DAL;C:\Program Files (x86)\Intel\Intel(R) Management Engine Components\DAL;C:\Program Files\Intel\Intel(R) Management Engine Components\IPT;C:\Program Files (x86)\Intel\Intel(R) Management Engine Components\IPT;C:\Program Files\Intel\WiFi\bin\;C:\Program Files\Common Files\Intel\WirelessCommon\;C:\ProgramData\Lenovo\ReadyApps;C:\Users\Michal\.dnx\bin;C:\Program Files\Microsoft DNX\Dnvm\;C:\Program Files (x86)\MySQL\MySQL Fabric 1.5 & MySQL Utilities 1.5\;C:\Program Files (x86)\MySQL\MySQL Fabric 1.5 & MySQL Utilities 1.5\Doctrine extensions for PHP\;C:\Android;C:\Windows\System32;C:\Program Files (x86)\Google\Chrome\Application;C:\WINDOWS\system32;C:\WINDOWS;C;C:\Program Files (x86)\Skype\Phone\;C:\Program Files (x86)\nodejs\;E:\Softw\MongoDB\bin; E:\Softw\Softw\Python;C:\Users\Michal\AppData\Roaming\npm;C:\Program Files\Intel\WiFi\bin\;C:\Program Files\Common Files\Intel\WirelessCommon\
USERNAME=Michal
OS=Windows_NT
PROCESSOR_IDENTIFIER=Intel64 Family 6 Model 61 Stepping 4, GenuineIntel



---------------  S Y S T E M  ---------------

OS: Windows 10.0 , 64 bit Build 10240 (10.0.10240.16384)

CPU:total 4 (2 cores per cpu, 2 threads per core) family 6 model 61 stepping 4, cmov, cx8, fxsr, mmx, sse, sse2, sse3, ssse3, sse4.1, sse4.2, popcnt, avx, avx2, aes, clmul, erms, rtm, 3dnowpref, lzcnt, ht, tsc, tscinvbit, bmi1, bmi2, adx

Memory: 4k page, physical 12459144k(3384328k free), swap 18859140k(7336k free)

vm_info: Java HotSpot(TM) 64-Bit Server VM (25.60-b23) for windows-amd64 JRE (1.8.0_60-b27), built on Aug  4 2015 11:06:27 by "java_re" with MS VC++ 10.0 (VS2010)

time: Tue Apr 12 18:32:15 2016
elapsed time: 0 seconds (0d 0h 0m 0s)

