#
# There is insufficient memory for the Java Runtime Environment to continue.
# Native memory allocation (malloc) failed to allocate 32744 bytes for ChunkPool::allocate
# Possible reasons:
#   The system is out of physical RAM or swap space
#   In 32 bit mode, the process size limit was hit
# Possible solutions:
#   Reduce memory load on the system
#   Increase physical memory or swap space
#   Check if swap backing store is full
#   Use 64 bit Java on a 64 bit OS
#   Decrease Java heap size (-Xmx/-Xms)
#   Decrease number of Java threads
#   Decrease Java thread stack sizes (-Xss)
#   Set larger code cache with -XX:ReservedCodeCacheSize=
# This output file may be truncated or incomplete.
#
#  Out of Memory Error (allocation.cpp:273), pid=6592, tid=19264
#
# JRE version: Java(TM) SE Runtime Environment (8.0_60-b27) (build 1.8.0_60-b27)
# Java VM: Java HotSpot(TM) 64-Bit Server VM (25.60-b23 mixed mode windows-amd64 compressed oops)
# Failed to write core dump. Minidumps are not enabled by default on client versions of Windows
#

---------------  T H R E A D  ---------------

Current thread (0x0000000014c71000):  JavaThread "C2 CompilerThread1" daemon [_thread_in_native, id=19264, stack(0x00000000163b0000,0x00000000164b0000)]

Stack: [0x00000000163b0000,0x00000000164b0000]
[error occurred during error reporting (printing stack bounds), id 0xc0000005]

Native frames: (J=compiled Java code, j=interpreted, Vv=VM code, C=native code)


Current CompileTask:
C2:   3141 2060   !   4       com.android.dx.cf.cst.ConstantPoolParser::parse0 (731 bytes)


---------------  P R O C E S S  ---------------

Java Threads: ( => current thread )
  0x0000000016849000 JavaThread "pool-1-thread-4" [_thread_in_Java, id=16340, stack(0x00000000177b0000,0x00000000178b0000)]
  0x0000000016848800 JavaThread "pool-1-thread-3" [_thread_in_Java, id=18888, stack(0x00000000176b0000,0x00000000177b0000)]
  0x0000000016890800 JavaThread "pool-1-thread-2" [_thread_in_Java, id=19800, stack(0x00000000175b0000,0x00000000176b0000)]
  0x0000000016886800 JavaThread "pool-2-thread-1" [_thread_blocked, id=16268, stack(0x00000000174b0000,0x00000000175b0000)]
  0x0000000016820800 JavaThread "pool-1-thread-1" [_thread_in_vm, id=10852, stack(0x00000000173b0000,0x00000000174b0000)]
  0x0000000014cce800 JavaThread "Service Thread" daemon [_thread_blocked, id=18992, stack(0x00000000169b0000,0x0000000016ab0000)]
  0x0000000014c75800 JavaThread "C1 CompilerThread2" daemon [_thread_blocked, id=19288, stack(0x00000000164b0000,0x00000000165b0000)]
=>0x0000000014c71000 JavaThread "C2 CompilerThread1" daemon [_thread_in_native, id=19264, stack(0x00000000163b0000,0x00000000164b0000)]
  0x0000000014c6a800 JavaThread "C2 CompilerThread0" daemon [_thread_in_native, id=10856, stack(0x00000000162b0000,0x00000000163b0000)]
  0x0000000014c68800 JavaThread "Attach Listener" daemon [_thread_blocked, id=11248, stack(0x00000000161b0000,0x00000000162b0000)]
  0x0000000014c67000 JavaThread "Signal Dispatcher" daemon [_thread_blocked, id=14016, stack(0x00000000160b0000,0x00000000161b0000)]
  0x0000000002596800 JavaThread "Finalizer" daemon [_thread_blocked, id=13788, stack(0x0000000015ed0000,0x0000000015fd0000)]
  0x0000000014c39000 JavaThread "Reference Handler" daemon [_thread_blocked, id=18640, stack(0x0000000015dd0000,0x0000000015ed0000)]
  0x000000000239d800 JavaThread "main" [_thread_in_Java, id=15032, stack(0x00000000023a0000,0x00000000024a0000)]

Other Threads:
  0x0000000014c37800 VMThread [stack: 0x0000000015cd0000,0x0000000015dd0000] [id=16472]
  0x0000000016610000 WatcherThread [stack: 0x0000000016ab0000,0x0000000016bb0000] [id=15196]

VM state:not at safepoint (normal execution)

VM Mutex/Monitor currently owned by a thread: None

Heap:
 PSYoungGen      total 204800K, used 201850K [0x00000000eab00000, 0x00000000f7b00000, 0x0000000100000000)
  eden space 196608K, 98% used [0x00000000eab00000,0x00000000f6820da0,0x00000000f6b00000)
  from space 8192K, 99% used [0x00000000f7300000,0x00000000f7afdc30,0x00000000f7b00000)
  to   space 8192K, 0% used [0x00000000f6b00000,0x00000000f6b00000,0x00000000f7300000)
 ParOldGen       total 131072K, used 34916K [0x00000000c0000000, 0x00000000c8000000, 0x00000000eab00000)
  object space 131072K, 26% used [0x00000000c0000000,0x00000000c2219028,0x00000000c8000000)
 Metaspace       used 6543K, capacity 7256K, committed 7424K, reserved 1056768K
  class space    used 624K, capacity 656K, committed 768K, reserved 1048576K

Card table byte_map: [0x0000000011960000,0x0000000011b70000] byte_map_base: 0x0000000011360000

Marking Bits: (ParMarkBitMap*) 0x000000005b90a5b0
 Begin Bits: [0x00000000120d0000, 0x00000000130d0000)
 End Bits:   [0x00000000130d0000, 0x00000000140d0000)

Polling page: 0x0000000000b00000

CodeCache: size=245760Kb used=7872Kb max_used=7872Kb free=237887Kb
 bounds [0x00000000025a0000, 0x0000000002d60000, 0x00000000115a0000]
 total_blobs=2305 nmethods=2035 adapters=182
 compilation: enabled

Compilation events (10 events):
Event: 3.107 Thread 0x0000000014c75800 2107       2       com.android.dx.ssa.back.FirstFitLocalCombiningAllocator::fitPlanForRange (250 bytes)
Event: 3.109 Thread 0x0000000014c75800 nmethod 2107 0x0000000002d51350 code [0x0000000002d515e0, 0x0000000002d52058]
Event: 3.113 Thread 0x0000000014c75800 2108       2       java.io.DataInputStream::readUnsignedByte (22 bytes)
Event: 3.113 Thread 0x0000000014c75800 nmethod 2108 0x0000000002d530d0 code [0x0000000002d53240, 0x0000000002d53418]
Event: 3.124 Thread 0x0000000014c75800 2111       2       com.android.dx.ssa.DeadCodeRemover$NoSideEffectVisitor::visitMoveInsn (22 bytes)
Event: 3.124 Thread 0x0000000014c75800 nmethod 2111 0x0000000002d53510 code [0x0000000002d53680, 0x0000000002d53878]
Event: 3.125 Thread 0x0000000014c75800 2112       2       java.util.Arrays::sort (19 bytes)
Event: 3.125 Thread 0x0000000014c75800 nmethod 2112 0x0000000002d53a10 code [0x0000000002d53b80, 0x0000000002d53d38]
Event: 3.125 Thread 0x0000000014c75800 2113       2       java.util.DualPivotQuicksort::sort (1195 bytes)
Event: 3.128 Thread 0x0000000014c75800 nmethod 2113 0x0000000002d53e10 code [0x0000000002d54100, 0x0000000002d555e8]

GC Heap History (8 events):
Event: 0.922 GC heap before
{Heap before GC invocations=1 (full 0):
 PSYoungGen      total 57344K, used 49152K [0x00000000eab00000, 0x00000000eeb00000, 0x0000000100000000)
  eden space 49152K, 100% used [0x00000000eab00000,0x00000000edb00000,0x00000000edb00000)
  from space 8192K, 0% used [0x00000000ee300000,0x00000000ee300000,0x00000000eeb00000)
  to   space 8192K, 0% used [0x00000000edb00000,0x00000000edb00000,0x00000000ee300000)
 ParOldGen       total 131072K, used 0K [0x00000000c0000000, 0x00000000c8000000, 0x00000000eab00000)
  object space 131072K, 0% used [0x00000000c0000000,0x00000000c0000000,0x00000000c8000000)
 Metaspace       used 6023K, capacity 6960K, committed 7040K, reserved 1056768K
  class space    used 603K, capacity 616K, committed 640K, reserved 1048576K
Event: 0.933 GC heap after
Heap after GC invocations=1 (full 0):
 PSYoungGen      total 57344K, used 7467K [0x00000000eab00000, 0x00000000f1b00000, 0x0000000100000000)
  eden space 49152K, 0% used [0x00000000eab00000,0x00000000eab00000,0x00000000edb00000)
  from space 8192K, 91% used [0x00000000edb00000,0x00000000ee24ac90,0x00000000ee300000)
  to   space 8192K, 0% used [0x00000000f1300000,0x00000000f1300000,0x00000000f1b00000)
 ParOldGen       total 131072K, used 16K [0x00000000c0000000, 0x00000000c8000000, 0x00000000eab00000)
  object space 131072K, 0% used [0x00000000c0000000,0x00000000c0004000,0x00000000c8000000)
 Metaspace       used 6023K, capacity 6960K, committed 7040K, reserved 1056768K
  class space    used 603K, capacity 616K, committed 640K, reserved 1048576K
}
Event: 1.285 GC heap before
{Heap before GC invocations=2 (full 0):
 PSYoungGen      total 57344K, used 56619K [0x00000000eab00000, 0x00000000f1b00000, 0x0000000100000000)
  eden space 49152K, 100% used [0x00000000eab00000,0x00000000edb00000,0x00000000edb00000)
  from space 8192K, 91% used [0x00000000edb00000,0x00000000ee24ac90,0x00000000ee300000)
  to   space 8192K, 0% used [0x00000000f1300000,0x00000000f1300000,0x00000000f1b00000)
 ParOldGen       total 131072K, used 16K [0x00000000c0000000, 0x00000000c8000000, 0x00000000eab00000)
  object space 131072K, 0% used [0x00000000c0000000,0x00000000c0004000,0x00000000c8000000)
 Metaspace       used 6222K, capacity 7088K, committed 7296K, reserved 1056768K
  class space    used 604K, capacity 616K, committed 640K, reserved 1048576K
Event: 1.307 GC heap after
Heap after GC invocations=2 (full 0):
 PSYoungGen      total 106496K, used 8179K [0x00000000eab00000, 0x00000000f1b00000, 0x0000000100000000)
  eden space 98304K, 0% used [0x00000000eab00000,0x00000000eab00000,0x00000000f0b00000)
  from space 8192K, 99% used [0x00000000f1300000,0x00000000f1afcf38,0x00000000f1b00000)
  to   space 8192K, 0% used [0x00000000f0b00000,0x00000000f0b00000,0x00000000f1300000)
 ParOldGen       total 131072K, used 5023K [0x00000000c0000000, 0x00000000c8000000, 0x00000000eab00000)
  object space 131072K, 3% used [0x00000000c0000000,0x00000000c04e7ef0,0x00000000c8000000)
 Metaspace       used 6222K, capacity 7088K, committed 7296K, reserved 1056768K
  class space    used 604K, capacity 616K, committed 640K, reserved 1048576K
}
Event: 1.802 GC heap before
{Heap before GC invocations=3 (full 0):
 PSYoungGen      total 106496K, used 106483K [0x00000000eab00000, 0x00000000f1b00000, 0x0000000100000000)
  eden space 98304K, 100% used [0x00000000eab00000,0x00000000f0b00000,0x00000000f0b00000)
  from space 8192K, 99% used [0x00000000f1300000,0x00000000f1afcf38,0x00000000f1b00000)
  to   space 8192K, 0% used [0x00000000f0b00000,0x00000000f0b00000,0x00000000f1300000)
 ParOldGen       total 131072K, used 5023K [0x00000000c0000000, 0x00000000c8000000, 0x00000000eab00000)
  object space 131072K, 3% used [0x00000000c0000000,0x00000000c04e7ef0,0x00000000c8000000)
 Metaspace       used 6319K, capacity 7152K, committed 7296K, reserved 1056768K
  class space    used 604K, capacity 616K, committed 640K, reserved 1048576K
Event: 1.833 GC heap after
Heap after GC invocations=3 (full 0):
 PSYoungGen      total 106496K, used 8179K [0x00000000eab00000, 0x00000000f7b00000, 0x0000000100000000)
  eden space 98304K, 0% used [0x00000000eab00000,0x00000000eab00000,0x00000000f0b00000)
  from space 8192K, 99% used [0x00000000f0b00000,0x00000000f12fcf58,0x00000000f1300000)
  to   space 8192K, 0% used [0x00000000f7300000,0x00000000f7300000,0x00000000f7b00000)
 ParOldGen       total 131072K, used 19334K [0x00000000c0000000, 0x00000000c8000000, 0x00000000eab00000)
  object space 131072K, 14% used [0x00000000c0000000,0x00000000c12e1808,0x00000000c8000000)
 Metaspace       used 6319K, capacity 7152K, committed 7296K, reserved 1056768K
  class space    used 604K, capacity 616K, committed 640K, reserved 1048576K
}
Event: 2.328 GC heap before
{Heap before GC invocations=4 (full 0):
 PSYoungGen      total 106496K, used 106483K [0x00000000eab00000, 0x00000000f7b00000, 0x0000000100000000)
  eden space 98304K, 100% used [0x00000000eab00000,0x00000000f0b00000,0x00000000f0b00000)
  from space 8192K, 99% used [0x00000000f0b00000,0x00000000f12fcf58,0x00000000f1300000)
  to   space 8192K, 0% used [0x00000000f7300000,0x00000000f7300000,0x00000000f7b00000)
 ParOldGen       total 131072K, used 19334K [0x00000000c0000000, 0x00000000c8000000, 0x00000000eab00000)
  object space 131072K, 14% used [0x00000000c0000000,0x00000000c12e1808,0x00000000c8000000)
 Metaspace       used 6511K, capacity 7256K, committed 7424K, reserved 1056768K
  class space    used 624K, capacity 656K, committed 768K, reserved 1048576K
Event: 2.371 GC heap after
Heap after GC invocations=4 (full 0):
 PSYoungGen      total 204800K, used 8183K [0x00000000eab00000, 0x00000000f7b00000, 0x0000000100000000)
  eden space 196608K, 0% used [0x00000000eab00000,0x00000000eab00000,0x00000000f6b00000)
  from space 8192K, 99% used [0x00000000f7300000,0x00000000f7afdc30,0x00000000f7b00000)
  to   space 8192K, 0% used [0x00000000f6b00000,0x00000000f6b00000,0x00000000f7300000)
 ParOldGen       total 131072K, used 34916K [0x00000000c0000000, 0x00000000c8000000, 0x00000000eab00000)
  object space 131072K, 26% used [0x00000000c0000000,0x00000000c2219028,0x00000000c8000000)
 Metaspace       used 6511K, capacity 7256K, committed 7424K, reserved 1056768K
  class space    used 624K, capacity 656K, committed 768K, reserved 1048576K
}

Deoptimization events (10 events):
Event: 1.701 Thread 0x000000000239d800 Uncommon trap: reason=unstable_if action=reinterpret pc=0x0000000002bbb2cc method=com.android.dx.ssa.SCCP.simulateBranch(Lcom/android/dx/ssa/SsaInsn;)V @ 64
Event: 1.705 Thread 0x000000000239d800 Uncommon trap: reason=class_check action=maybe_recompile pc=0x000000000298ac04 method=java.util.HashMap.putVal(ILjava/lang/Object;Ljava/lang/Object;ZZ)Ljava/lang/Object; @ 203
Event: 2.184 Thread 0x000000000239d800 Uncommon trap: reason=class_check action=maybe_recompile pc=0x0000000002ccbff0 method=com.android.dx.cf.code.BytecodeArray.parseInstruction(ILcom/android/dx/cf/code/BytecodeArray$Visitor;)I @ 1417
Event: 2.189 Thread 0x0000000016849000 Uncommon trap: reason=class_check action=maybe_recompile pc=0x0000000002ccbff0 method=com.android.dx.cf.code.BytecodeArray.parseInstruction(ILcom/android/dx/cf/code/BytecodeArray$Visitor;)I @ 1417
Event: 2.190 Thread 0x0000000016849000 Uncommon trap: reason=class_check action=maybe_recompile pc=0x0000000002ccbff0 method=com.android.dx.cf.code.BytecodeArray.parseInstruction(ILcom/android/dx/cf/code/BytecodeArray$Visitor;)I @ 1417
Event: 2.268 Thread 0x0000000016849000 Uncommon trap: reason=bimorphic action=maybe_recompile pc=0x0000000002ccbca4 method=com.android.dx.cf.code.BytecodeArray.parseInstruction(ILcom/android/dx/cf/code/BytecodeArray$Visitor;)I @ 1161
Event: 2.269 Thread 0x0000000016849000 Uncommon trap: reason=bimorphic action=maybe_recompile pc=0x0000000002ccbca4 method=com.android.dx.cf.code.BytecodeArray.parseInstruction(ILcom/android/dx/cf/code/BytecodeArray$Visitor;)I @ 1161
Event: 2.287 Thread 0x0000000016849000 Uncommon trap: reason=unstable_if action=reinterpret pc=0x0000000002875bbc method=java.util.HashMap.putVal(ILjava/lang/Object;Ljava/lang/Object;ZZ)Ljava/lang/Object; @ 162
Event: 2.291 Thread 0x0000000016849000 Uncommon trap: reason=unstable_if action=reinterpret pc=0x0000000002b5e058 method=java.util.HashMap.getNode(ILjava/lang/Object;)Ljava/util/HashMap$Node; @ 84
Event: 2.562 Thread 0x0000000016849000 Uncommon trap: reason=unstable_if action=reinterpret pc=0x0000000002c37dec method=java.util.HashMap.putVal(ILjava/lang/Object;Ljava/lang/Object;ZZ)Ljava/lang/Object; @ 109

Internal exceptions (5 events):
Event: 0.040 Thread 0x000000000239d800 Exception <a 'java/lang/NoSuchMethodError': Method sun.misc.Unsafe.defineClass(Ljava/lang/String;[BII)Ljava/lang/Class; name or signature does not match> (0x00000000eab0d8f8) thrown at [C:\re\workspace\8-2-build-windows-amd64-cygwin\jdk8u60\4407\hotspot\srjÙ/Oèä§?
Event: 0.040 Thread 0x000000000239d800 Exception <a 'java/lang/NoSuchMethodError': Method sun.misc.Unsafe.prefetchRead(Ljava/lang/Object;J)V name or signature does not match> (0x00000000eab0dbe0) thrown at [C:\re\workspace\8-2-build-windows-amd64-cygwin\jdk8u60\4407\hotspot\src\share\vm\prims\j;™øõO@
Event: 2.289 Thread 0x0000000016849000 Exception <a 'java/lang/ArrayIndexOutOfBoundsException': 18> (0x00000000f0486fa0) thrown at [C:\re\workspace\8-2-build-windows-amd64-cygwin\jdk8u60\4407\hotspot\src\share\vm\interpreter\interpreterRuntime.cpp, line 366]
Event: 2.290 Thread 0x0000000016849000 Exception <a 'java/lang/ArrayIndexOutOfBoundsException'> (0x00000000f0488b20) thrown at [C:\re\workspace\8-2-build-windows-amd64-cygwin\jdk8u60\4407\hotspot\src\share\vm\runtime\sharedRuntime.cpp, line 605]
Event: 2.290 Thread 0x0000000016849000 Exception <a 'java/lang/ArrayIndexOutOfBoundsException'> (0x00000000f0489e08) thrown at [C:\re\workspace\8-2-build-windows-amd64-cygwin\jdk8u60\4407\hotspot\src\share\vm\runtime\sharedRuntime.cpp, line 605]

Events (10 events):
Event: 2.291 Thread 0x0000000016849000 DEOPT UNPACKING pc=0x00000000025e582a sp=0x00000000178aeab8 mode 2
Event: 2.324 Executing VM operation: ParallelGCFailedAllocation
Event: 2.372 Executing VM operation: ParallelGCFailedAllocation done
Event: 2.427 Thread 0x0000000016890800 DEOPT PACKING pc=0x0000000002b0b5c2 sp=0x00000000176aeb20
Event: 2.427 Thread 0x0000000016890800 DEOPT UNPACKING pc=0x00000000025e787f sp=0x00000000176ae8a0 mode 0
Event: 2.529 Thread 0x000000000239d800 DEOPT PACKING pc=0x0000000002bcc028 sp=0x000000000249ec40
Event: 2.529 Thread 0x000000000239d800 DEOPT UNPACKING pc=0x00000000025e787f sp=0x000000000249e908 mode 0
Event: 2.562 Thread 0x0000000016849000 Uncommon trap: trap_request=0xffffff65 fr.pc=0x0000000002c37dec
Event: 2.562 Thread 0x0000000016849000 DEOPT PACKING pc=0x0000000002c37dec sp=0x00000000178aeaa0
Event: 2.562 Thread 0x0000000016849000 DEOPT UNPACKING pc=0x00000000025e582a sp=0x00000000178aea30 mode 2


Dynamic libraries:
0x00007ff6f4f00000 - 0x00007ff6f4f37000 	C:\Program Files\Java\jdk1.8.0_60\bin\java.exe
0x00007ffe44ac0000 - 0x00007ffe44c82000 	C:\WINDOWS\SYSTEM32\ntdll.dll
0x00007ffe42bf0000 - 0x00007ffe42c9d000 	C:\WINDOWS\system32\KERNEL32.DLL
0x00007ffe41fb0000 - 0x00007ffe4218d000 	C:\WINDOWS\system32\KERNELBASE.dll
0x00007ffe42190000 - 0x00007ffe42236000 	C:\WINDOWS\system32\ADVAPI32.dll
0x00007ffe44660000 - 0x00007ffe446fd000 	C:\WINDOWS\system32\msvcrt.dll
0x00007ffe424d0000 - 0x00007ffe4252b000 	C:\WINDOWS\system32\sechost.dll
0x00007ffe44820000 - 0x00007ffe44946000 	C:\WINDOWS\system32\RPCRT4.dll
0x00007ffe42890000 - 0x00007ffe429de000 	C:\WINDOWS\system32\USER32.dll
0x00007ffe42700000 - 0x00007ffe42886000 	C:\WINDOWS\system32\GDI32.dll
0x00007ffe35a70000 - 0x00007ffe35ce4000 	C:\WINDOWS\WinSxS\amd64_microsoft.windows.common-controls_6595b64144ccf1df_6.0.10240.16384_none_f41f7b285750ef43\COMCTL32.dll
0x00007ffe42bb0000 - 0x00007ffe42be6000 	C:\WINDOWS\system32\IMM32.DLL
0x00007ffe42590000 - 0x00007ffe426ec000 	C:\WINDOWS\system32\MSCTF.dll
0x000000005aba0000 - 0x000000005ac72000 	C:\Program Files\Java\jdk1.8.0_60\jre\bin\msvcr100.dll
0x000000005b100000 - 0x000000005b989000 	C:\Program Files\Java\jdk1.8.0_60\jre\bin\server\jvm.dll
0x00007ffe42450000 - 0x00007ffe42458000 	C:\WINDOWS\system32\PSAPI.DLL
0x00007ffe3fc10000 - 0x00007ffe3fc19000 	C:\WINDOWS\SYSTEM32\WSOCK32.dll
0x00007ffe3fb00000 - 0x00007ffe3fb23000 	C:\WINDOWS\SYSTEM32\WINMM.dll
0x00007ffe3d750000 - 0x00007ffe3d75a000 	C:\WINDOWS\SYSTEM32\VERSION.dll
0x00007ffe3f9b0000 - 0x00007ffe3f9dc000 	C:\WINDOWS\SYSTEM32\WINMMBASE.dll
0x00007ffe442b0000 - 0x00007ffe44319000 	C:\WINDOWS\system32\WS2_32.dll
0x00007ffe44810000 - 0x00007ffe44818000 	C:\WINDOWS\system32\NSI.dll
0x00007ffe41df0000 - 0x00007ffe41e34000 	C:\WINDOWS\system32\cfgmgr32.dll
0x00007ffe3fe60000 - 0x00007ffe3fe87000 	C:\WINDOWS\SYSTEM32\DEVOBJ.dll
0x000000005b010000 - 0x000000005b01f000 	C:\Program Files\Java\jdk1.8.0_60\jre\bin\verify.dll
0x000000005afe0000 - 0x000000005b009000 	C:\Program Files\Java\jdk1.8.0_60\jre\bin\java.dll
0x000000005afc0000 - 0x000000005afd6000 	C:\Program Files\Java\jdk1.8.0_60\jre\bin\zip.dll
0x00007ffe42ca0000 - 0x00007ffe441c2000 	C:\WINDOWS\system32\SHELL32.dll
0x00007ffe417c0000 - 0x00007ffe41de8000 	C:\WINDOWS\system32\windows.storage.dll
0x00007ffe443e0000 - 0x00007ffe4465c000 	C:\WINDOWS\system32\combase.dll
0x00007ffe423f0000 - 0x00007ffe42441000 	C:\WINDOWS\system32\shlwapi.dll
0x00007ffe41560000 - 0x00007ffe4156f000 	C:\WINDOWS\system32\kernel.appcore.dll
0x00007ffe41e40000 - 0x00007ffe41ef3000 	C:\WINDOWS\system32\shcore.dll
0x00007ffe414f0000 - 0x00007ffe4153a000 	C:\WINDOWS\system32\powrprof.dll
0x00007ffe41540000 - 0x00007ffe41553000 	C:\WINDOWS\system32\profapi.dll

VM Arguments:
jvm_args: -Djava.awt.headless=true -Xmx1024M -Dfile.encoding=windows-1252 -Duser.country=GB -Duser.language=en -Duser.variant 
java_command: com.android.dx.command.Main --dex --num-threads=4 --output C:\Users\Michal\OneDrive\AndroidStudio\RentMate\app\build\intermediates\pre-dexed\debug\com.android.support-support-v4-23.2.0_8002c4ba8004ab7c29685c980e6af4f1de55dd19.jar C:\Users\Michal\OneDrive\AndroidStudio\RentMate\app\build\intermediates\exploded-aar\com.android.support\support-v4\23.2.0\jars\classes.jar
java_class_path (initial): E:\Softw\Android\sdk\build-tools\23.0.2\lib\dx.jar
Launcher Type: SUN_STANDARD

Environment Variables:
JAVA_HOME=C:\Program Files (x86)\Java\jre1.8.0_66
PATH=C:\ProgramData\Oracle\Java\javapath;C:\Program Files (x86)\Intel\iCLS Client\;C:\Program Files\Intel\iCLS Client\;C:\WINDOWS\system32;C:\WINDOWS;C:\WINDOWS\System32\Wbem;C:\WINDOWS\System32\WindowsPowerShell\v1.0\;C:\Program Files\Intel\Intel(R) Management Engine Components\DAL;C:\Program Files (x86)\Intel\Intel(R) Management Engine Components\DAL;C:\Program Files\Intel\Intel(R) Management Engine Components\IPT;C:\Program Files (x86)\Intel\Intel(R) Management Engine Components\IPT;C:\Program Files\Intel\WiFi\bin\;C:\Program Files\Common Files\Intel\WirelessCommon\;C:\ProgramData\Lenovo\ReadyApps;C:\Users\Michal\.dnx\bin;C:\Program Files\Microsoft DNX\Dnvm\;C:\Program Files (x86)\MySQL\MySQL Fabric 1.5 & MySQL Utilities 1.5\;C:\Program Files (x86)\MySQL\MySQL Fabric 1.5 & MySQL Utilities 1.5\Doctrine extensions for PHP\;C:\Android;C:\Windows\System32;C:\Program Files (x86)\Google\Chrome\Application;C:\WINDOWS\system32;C:\WINDOWS;C;C:\Program Files (x86)\Skype\Phone\;C:\Program Files (x86)\nodejs\;E:\Softw\MongoDB\bin; E:\Softw\Softw\Python;C:\Users\Michal\AppData\Roaming\npm;C:\Program Files\Intel\WiFi\bin\;C:\Program Files\Common Files\Intel\WirelessCommon\
USERNAME=Michal
OS=Windows_NT
PROCESSOR_IDENTIFIER=Intel64 Family 6 Model 61 Stepping 4, GenuineIntel



---------------  S Y S T E M  ---------------

OS: Windows 10.0 , 64 bit Build 10240 (10.0.10240.16384)

CPU:total 4 (2 cores per cpu, 2 threads per core) family 6 model 61 stepping 4, cmov, cx8, fxsr, mmx, sse, sse2, sse3, ssse3, sse4.1, sse4.2, popcnt, avx, avx2, aes, clmul, erms, rtm, 3dnowpref, lzcnt, ht, tsc, tscinvbit, bmi1, bmi2, adx

Memory: 4k page, physical 12459144k(3142868k free), swap 18859140k(4108k free)

vm_info: Java HotSpot(TM) 64-Bit Server VM (25.60-b23) for windows-amd64 JRE (1.8.0_60-b27), built on Aug  4 2015 11:06:27 by "java_re" with MS VC++ 10.0 (VS2010)

time: Tue Apr 12 18:31:37 2016
elapsed time: 3 seconds (0d 0h 0m 3s)

